{"/Users/mmontalbano/Sites/personal/technology-radar/src/app/class/Item.js": {"path":"/Users/mmontalbano/Sites/personal/technology-radar/src/app/class/Item.js","statementMap":{"0":{"start":{"line":3,"column":8},"end":{"line":3,"column":25}},"1":{"start":{"line":4,"column":8},"end":{"line":4,"column":39}},"2":{"start":{"line":5,"column":8},"end":{"line":5,"column":33}},"3":{"start":{"line":6,"column":8},"end":{"line":6,"column":29}},"4":{"start":{"line":7,"column":8},"end":{"line":7,"column":36}},"5":{"start":{"line":8,"column":8},"end":{"line":8,"column":23}}},"fnMap":{"0":{"name":"(anonymous_0)","decl":{"start":{"line":2,"column":4},"end":{"line":2,"column":5}},"loc":{"start":{"line":2,"column":98},"end":{"line":9,"column":5}},"line":2}},"branchMap":{"0":{"loc":{"start":{"line":2,"column":18},"end":{"line":2,"column":27}},"type":"default-arg","locations":[{"start":{"line":2,"column":25},"end":{"line":2,"column":27}}],"line":2},"1":{"loc":{"start":{"line":2,"column":29},"end":{"line":2,"column":45}},"type":"default-arg","locations":[{"start":{"line":2,"column":43},"end":{"line":2,"column":45}}],"line":2},"2":{"loc":{"start":{"line":2,"column":47},"end":{"line":2,"column":60}},"type":"default-arg","locations":[{"start":{"line":2,"column":58},"end":{"line":2,"column":60}}],"line":2},"3":{"loc":{"start":{"line":2,"column":62},"end":{"line":2,"column":73}},"type":"default-arg","locations":[{"start":{"line":2,"column":71},"end":{"line":2,"column":73}}],"line":2},"4":{"loc":{"start":{"line":2,"column":75},"end":{"line":2,"column":83}},"type":"default-arg","locations":[{"start":{"line":2,"column":81},"end":{"line":2,"column":83}}],"line":2},"5":{"loc":{"start":{"line":2,"column":85},"end":{"line":2,"column":94}},"type":"default-arg","locations":[{"start":{"line":2,"column":92},"end":{"line":2,"column":94}}],"line":2}},"s":{"0":1,"1":1,"2":1,"3":1,"4":1,"5":1},"f":{"0":1},"b":{"0":[0],"1":[0],"2":[0],"3":[0],"4":[0],"5":[0]},"_coverageSchema":"332fd63041d2c1bcb487cc26dd0d5f7d97098a6c","hash":"a9f6d34ea26ab3ced39a2fa144be727b298a4959"}
,"/Users/mmontalbano/Sites/personal/technology-radar/src/app/components/ItemComponent.jsx": {"path":"/Users/mmontalbano/Sites/personal/technology-radar/src/app/components/ItemComponent.jsx","statementMap":{"0":{"start":{"line":8,"column":8},"end":{"line":10,"column":10}},"1":{"start":{"line":14,"column":8},"end":{"line":16,"column":11}},"2":{"start":{"line":15,"column":12},"end":{"line":15,"column":85}},"3":{"start":{"line":20,"column":8},"end":{"line":33,"column":10}}},"fnMap":{"0":{"name":"(anonymous_0)","decl":{"start":{"line":7,"column":4},"end":{"line":7,"column":5}},"loc":{"start":{"line":7,"column":27},"end":{"line":11,"column":5}},"line":7},"1":{"name":"(anonymous_1)","decl":{"start":{"line":13,"column":4},"end":{"line":13,"column":5}},"loc":{"start":{"line":13,"column":11},"end":{"line":17,"column":5}},"line":13},"2":{"name":"(anonymous_2)","decl":{"start":{"line":14,"column":43},"end":{"line":14,"column":44}},"loc":{"start":{"line":15,"column":12},"end":{"line":15,"column":85}},"line":15},"3":{"name":"(anonymous_3)","decl":{"start":{"line":19,"column":4},"end":{"line":19,"column":5}},"loc":{"start":{"line":19,"column":13},"end":{"line":34,"column":5}},"line":19}},"branchMap":{"0":{"loc":{"start":{"line":22,"column":115},"end":{"line":22,"column":171}},"type":"cond-expr","locations":[{"start":{"line":22,"column":137},"end":{"line":22,"column":166}},{"start":{"line":22,"column":169},"end":{"line":22,"column":171}}],"line":22}},"s":{"0":2,"1":1,"2":1,"3":1},"f":{"0":2,"1":1,"2":1,"3":1},"b":{"0":[1,0]},"_coverageSchema":"332fd63041d2c1bcb487cc26dd0d5f7d97098a6c","hash":"4a43e6d36af508cb27b8899e19c550ef8b4b5f9c"}
}
